# JRE version: Java(TM) SE Runtime Environment (12.0.1+12) (build 12.0.1+12)
# Java VM: Java HotSpot(TM) 64-Bit Server VM (12.0.1+12, mixed mode, sharing, tiered, compressed oops, g1 gc, windows-amd64)
Heap:
 garbage-first heap   total 58368K, used 29738K [0x00000000c6800000, 0x0000000100000000)
  region size 1024K, 18 young (18432K), 4 survivors (4096K)
 Metaspace       used 28249K, capacity 29235K, committed 29568K, reserved 1075200K
  class space    used 3771K, capacity 4142K, committed 4224K, reserved 1048576K
GC Heap History (10 events):
Event: 7.705 GC heap before
{Heap before GC invocations=5 (full 0):
 garbage-first heap   total 59392K, used 35633K [0x00000000c6800000, 0x0000000100000000)
  region size 1024K, 30 young (30720K), 4 survivors (4096K)
 Metaspace       used 20033K, capacity 20706K, committed 20992K, reserved 1067008K
  class space    used 2702K, capacity 2990K, committed 3072K, reserved 1048576K
}
Event: 7.717 GC heap after
{Heap after GC invocations=6 (full 0):
 garbage-first heap   total 59392K, used 10546K [0x00000000c6800000, 0x0000000100000000)
  region size 1024K, 4 young (4096K), 4 survivors (4096K)
 Metaspace       used 20033K, capacity 20706K, committed 20992K, reserved 1067008K
  class space    used 2702K, capacity 2990K, committed 3072K, reserved 1048576K
}
Event: 7.990 GC heap before
{Heap before GC invocations=6 (full 0):
 garbage-first heap   total 59392K, used 16690K [0x00000000c6800000, 0x0000000100000000)
  region size 1024K, 11 young (11264K), 4 survivors (4096K)
 Metaspace       used 20523K, capacity 21227K, committed 21248K, reserved 1067008K
  class space    used 2764K, capacity 3057K, committed 3072K, reserved 1048576K
}
Event: 8.002 GC heap after
{Heap after GC invocations=7 (full 0):
 garbage-first heap   total 59392K, used 11127K [0x00000000c6800000, 0x0000000100000000)
  region size 1024K, 3 young (3072K), 3 survivors (3072K)
 Metaspace       used 20523K, capacity 21227K, committed 21248K, reserved 1067008K
  class space    used 2764K, capacity 3057K, committed 3072K, reserved 1048576K
}
Event: 9.122 GC heap before
{Heap before GC invocations=8 (full 0):
 garbage-first heap   total 48128K, used 36727K [0x00000000c6800000, 0x0000000100000000)
  region size 1024K, 28 young (28672K), 3 survivors (3072K)
 Metaspace       used 23151K, capacity 23998K, committed 24320K, reserved 1071104K
  class space    used 3132K, capacity 3470K, committed 3584K, reserved 1048576K
}
Event: 9.140 GC heap after
{Heap after GC invocations=9 (full 0):
 garbage-first heap   total 48128K, used 12722K [0x00000000c6800000, 0x0000000100000000)
  region size 1024K, 4 young (4096K), 4 survivors (4096K)
 Metaspace       used 23151K, capacity 23998K, committed 24320K, reserved 1071104K
  class space    used 3132K, capacity 3470K, committed 3584K, reserved 1048576K
}
Event: 10.022 GC heap before
{Heap before GC invocations=9 (full 0):
 garbage-first heap   total 48128K, used 35250K [0x00000000c6800000, 0x0000000100000000)
  region size 1024K, 26 young (26624K), 4 survivors (4096K)
 Metaspace       used 25465K, capacity 26337K, committed 26624K, reserved 1073152K
  class space    used 3397K, capacity 3733K, committed 3840K, reserved 1048576K
}
Event: 10.034 GC heap after
{Heap after GC invocations=10 (full 0):
 garbage-first heap   total 58368K, used 14640K [0x00000000c6800000, 0x0000000100000000)
  region size 1024K, 4 young (4096K), 4 survivors (4096K)
 Metaspace       used 25465K, capacity 26337K, committed 26624K, reserved 1073152K
  class space    used 3397K, capacity 3733K, committed 3840K, reserved 1048576K
}
Event: 10.794 GC heap before
{Heap before GC invocations=10 (full 0):
 garbage-first heap   total 58368K, used 40240K [0x00000000c6800000, 0x0000000100000000)
  region size 1024K, 29 young (29696K), 4 survivors (4096K)
 Metaspace       used 27302K, capacity 28281K, committed 28416K, reserved 1073152K
  class space    used 3630K, capacity 4014K, committed 4096K, reserved 1048576K
}
Event: 10.804 GC heap after
{Heap after GC invocations=11 (full 0):
 garbage-first heap   total 58368K, used 16426K [0x00000000c6800000, 0x0000000100000000)
  region size 1024K, 4 young (4096K), 4 survivors (4096K)
 Metaspace       used 27302K, capacity 28281K, committed 28416K, reserved 1073152K
  class space    used 3630K, capacity 4014K, committed 4096K, reserved 1048576K
}

